<project xmlns="http://maven.apache.org/POM/4.0.0" xmlns:xsi="http://www.w3.org/2001/XMLSchema-instance"
         xsi:schemaLocation="http://maven.apache.org/POM/4.0.0 http://maven.apache.org/maven-v4_0_0.xsd">
    <modelVersion>4.0.0</modelVersion>
    <groupId>com.github.trecloux.yeoman</groupId>
    <artifactId>test-yeoman-mojo</artifactId>
    <packaging>war</packaging>
    <version>1.0-SNAPSHOT</version>
    <build>
        <plugins>
            <plugin>
                <artifactId>yeoman-maven-plugin</artifactId>
                <configuration>
                    <npmInstallArgs>arg1</npmInstallArgs>
                    <bowerInstallArgs>arg2</bowerInstallArgs>
                    <gruntTestArgs>arg3</gruntTestArgs>
                    <gruntBuildArgs>arg4</gruntBuildArgs>
                </configuration>
            </plugin>
        </plugins>
    </build>
</project>